

Started GET "/" for ::1 at 2018-05-22 09:16:26 +0900

ActiveRecord::PendingMigrationError (

Migrations are pending. To resolve this issue, run:

	bin/rake db:migrate RAILS_ENV=development

):
  activerecord (4.2.5) lib/active_record/migration.rb:392:in `check_pending!'
  activerecord (4.2.5) lib/active_record/migration.rb:373:in `call'
  actionpack (4.2.5) lib/action_dispatch/middleware/callbacks.rb:29:in `block in call'
  activesupport (4.2.5) lib/active_support/callbacks.rb:88:in `__run_callbacks__'
  activesupport (4.2.5) lib/active_support/callbacks.rb:778:in `_run_call_callbacks'
  activesupport (4.2.5) lib/active_support/callbacks.rb:81:in `run_callbacks'
  actionpack (4.2.5) lib/action_dispatch/middleware/callbacks.rb:27:in `call'
  actionpack (4.2.5) lib/action_dispatch/middleware/reloader.rb:73:in `call'
  actionpack (4.2.5) lib/action_dispatch/middleware/remote_ip.rb:78:in `call'
  actionpack (4.2.5) lib/action_dispatch/middleware/debug_exceptions.rb:17:in `call'
  web-console (2.3.0) lib/web_console/middleware.rb:28:in `block in call'
  web-console (2.3.0) lib/web_console/middleware.rb:18:in `catch'
  web-console (2.3.0) lib/web_console/middleware.rb:18:in `call'
  actionpack (4.2.5) lib/action_dispatch/middleware/show_exceptions.rb:30:in `call'
  railties (4.2.5) lib/rails/rack/logger.rb:38:in `call_app'
  railties (4.2.5) lib/rails/rack/logger.rb:20:in `block in call'
  activesupport (4.2.5) lib/active_support/tagged_logging.rb:68:in `block in tagged'
  activesupport (4.2.5) lib/active_support/tagged_logging.rb:26:in `tagged'
  activesupport (4.2.5) lib/active_support/tagged_logging.rb:68:in `tagged'
  railties (4.2.5) lib/rails/rack/logger.rb:20:in `call'
  actionpack (4.2.5) lib/action_dispatch/middleware/request_id.rb:21:in `call'
  rack (1.6.8) lib/rack/methodoverride.rb:22:in `call'
  rack (1.6.8) lib/rack/runtime.rb:18:in `call'
  activesupport (4.2.5) lib/active_support/cache/strategy/local_cache_middleware.rb:28:in `call'
  rack (1.6.8) lib/rack/lock.rb:17:in `call'
  actionpack (4.2.5) lib/action_dispatch/middleware/static.rb:116:in `call'
  rack (1.6.8) lib/rack/sendfile.rb:113:in `call'
  railties (4.2.5) lib/rails/engine.rb:518:in `call'
  railties (4.2.5) lib/rails/application.rb:165:in `call'
  rack (1.6.8) lib/rack/lock.rb:17:in `call'
  rack (1.6.8) lib/rack/content_length.rb:15:in `call'
  rack (1.6.8) lib/rack/handler/webrick.rb:88:in `service'
  /Users/programming/.rbenv/versions/2.3.1/lib/ruby/2.3.0/webrick/httpserver.rb:140:in `service'
  /Users/programming/.rbenv/versions/2.3.1/lib/ruby/2.3.0/webrick/httpserver.rb:96:in `run'
  /Users/programming/.rbenv/versions/2.3.1/lib/ruby/2.3.0/webrick/server.rb:296:in `block in start_thread'


  Rendered /Users/programming/.rbenv/versions/2.3.1/lib/ruby/gems/2.3.0/gems/actionpack-4.2.5/lib/action_dispatch/middleware/templates/rescues/_source.erb (2.4ms)
  Rendered /Users/programming/.rbenv/versions/2.3.1/lib/ruby/gems/2.3.0/gems/actionpack-4.2.5/lib/action_dispatch/middleware/templates/rescues/_trace.html.erb (1.6ms)
  Rendered /Users/programming/.rbenv/versions/2.3.1/lib/ruby/gems/2.3.0/gems/actionpack-4.2.5/lib/action_dispatch/middleware/templates/rescues/_request_and_response.html.erb (1.0ms)
  Rendered /Users/programming/.rbenv/versions/2.3.1/lib/ruby/gems/2.3.0/gems/actionpack-4.2.5/lib/action_dispatch/middleware/templates/rescues/diagnostics.html.erb within rescues/layout (134.3ms)
  Rendered /Users/programming/.rbenv/versions/2.3.1/lib/ruby/gems/2.3.0/gems/web-console-2.3.0/lib/web_console/templates/_markup.html.erb (0.4ms)
  Rendered /Users/programming/.rbenv/versions/2.3.1/lib/ruby/gems/2.3.0/gems/web-console-2.3.0/lib/web_console/templates/_inner_console_markup.html.erb within layouts/inlined_string (0.3ms)
  Rendered /Users/programming/.rbenv/versions/2.3.1/lib/ruby/gems/2.3.0/gems/web-console-2.3.0/lib/web_console/templates/_prompt_box_markup.html.erb within layouts/inlined_string (0.3ms)
  Rendered /Users/programming/.rbenv/versions/2.3.1/lib/ruby/gems/2.3.0/gems/web-console-2.3.0/lib/web_console/templates/style.css.erb within layouts/inlined_string (0.3ms)
  Rendered /Users/programming/.rbenv/versions/2.3.1/lib/ruby/gems/2.3.0/gems/web-console-2.3.0/lib/web_console/templates/console.js.erb within layouts/javascript (144.1ms)
  Rendered /Users/programming/.rbenv/versions/2.3.1/lib/ruby/gems/2.3.0/gems/web-console-2.3.0/lib/web_console/templates/main.js.erb within layouts/javascript (0.3ms)
  Rendered /Users/programming/.rbenv/versions/2.3.1/lib/ruby/gems/2.3.0/gems/web-console-2.3.0/lib/web_console/templates/error_page.js.erb within layouts/javascript (0.3ms)
  Rendered /Users/programming/.rbenv/versions/2.3.1/lib/ruby/gems/2.3.0/gems/web-console-2.3.0/lib/web_console/templates/index.html.erb (332.3ms)
  [1m[36m (104.2ms)[0m  [1mCREATE TABLE `schema_migrations` (`version` varchar(255) NOT NULL) ENGINE=InnoDB[0m
  [1m[35m (83.3ms)[0m  CREATE UNIQUE INDEX `unique_schema_migrations`  ON `schema_migrations` (`version`) 
  [1m[36mActiveRecord::SchemaMigration Load (1.6ms)[0m  [1mSELECT `schema_migrations`.* FROM `schema_migrations`[0m
Migrating to DeviseCreateUsers (20160323125221)
  [1m[35m (29.5ms)[0m  CREATE TABLE `users` (`id` int(11) auto_increment PRIMARY KEY, `email` varchar(255) DEFAULT '' NOT NULL, `encrypted_password` varchar(255) DEFAULT '' NOT NULL, `reset_password_token` varchar(255), `reset_password_sent_at` datetime, `remember_created_at` datetime, `sign_in_count` int(11) DEFAULT 0 NOT NULL, `current_sign_in_at` datetime, `last_sign_in_at` datetime, `current_sign_in_ip` varchar(255), `last_sign_in_ip` varchar(255), `name` varchar(255), `profile` text, `position` varchar(255), `occupation` text, `avatar` varchar(255), `created_at` datetime NOT NULL, `updated_at` datetime NOT NULL) ENGINE=InnoDB
  [1m[36m (41.9ms)[0m  [1mCREATE UNIQUE INDEX `index_users_on_email`  ON `users` (`email`) [0m
  [1m[35m (41.1ms)[0m  CREATE UNIQUE INDEX `index_users_on_reset_password_token`  ON `users` (`reset_password_token`) 
  [1m[36m (1.8ms)[0m  [1mBEGIN[0m
  [1m[35mSQL (2.5ms)[0m  INSERT INTO `schema_migrations` (`version`) VALUES ('20160323125221')
  [1m[36m (2.1ms)[0m  [1mCOMMIT[0m
Migrating to CreatePrototypes (20160405022458)
  [1m[35m (35.8ms)[0m  CREATE TABLE `prototypes` (`id` int(11) auto_increment PRIMARY KEY, `title` varchar(255), `catch_copy` varchar(255), `concept` text, `user_id` int(11), `created_at` datetime NOT NULL, `updated_at` datetime NOT NULL,  INDEX `index_prototypes_on_user_id`  (`user_id`) ) ENGINE=InnoDB
  [1m[36m (76.1ms)[0m  [1mALTER TABLE `prototypes` ADD CONSTRAINT `fk_rails_8add56efc2`
FOREIGN KEY (`user_id`)
  REFERENCES `users` (`id`)
[0m
  [1m[35m (0.2ms)[0m  BEGIN
  [1m[36mSQL (2.0ms)[0m  [1mINSERT INTO `schema_migrations` (`version`) VALUES ('20160405022458')[0m
  [1m[35m (1.5ms)[0m  COMMIT
Migrating to CreateCapturedImages (20160405022520)
  [1m[36m (58.6ms)[0m  [1mCREATE TABLE `captured_images` (`id` int(11) auto_increment PRIMARY KEY, `content` varchar(255), `status` int(11), `prototype_id` int(11),  INDEX `index_captured_images_on_prototype_id`  (`prototype_id`) ) ENGINE=InnoDB[0m
  [1m[35m (54.8ms)[0m  ALTER TABLE `captured_images` ADD CONSTRAINT `fk_rails_9e708a4f57`
FOREIGN KEY (`prototype_id`)
  REFERENCES `prototypes` (`id`)

  [1m[36m (0.2ms)[0m  [1mBEGIN[0m
  [1m[35mSQL (0.2ms)[0m  INSERT INTO `schema_migrations` (`version`) VALUES ('20160405022520')
  [1m[36m (1.4ms)[0m  [1mCOMMIT[0m
  [1m[35mActiveRecord::SchemaMigration Load (0.2ms)[0m  SELECT `schema_migrations`.* FROM `schema_migrations`
  [1m[36m (2.4ms)[0m  [1mSELECT fk.referenced_table_name as 'to_table'
      ,fk.referenced_column_name as 'primary_key'
      ,fk.column_name as 'column'
      ,fk.constraint_name as 'name'
FROM information_schema.key_column_usage fk
WHERE fk.referenced_column_name is not null
  AND fk.table_schema = 'protospace-in-dev_development'
  AND fk.table_name = 'captured_images'
[0m
  [1m[35m (0.2ms)[0m  SHOW CREATE TABLE `captured_images`
  [1m[36m (0.3ms)[0m  [1mSELECT fk.referenced_table_name as 'to_table'
      ,fk.referenced_column_name as 'primary_key'
      ,fk.column_name as 'column'
      ,fk.constraint_name as 'name'
FROM information_schema.key_column_usage fk
WHERE fk.referenced_column_name is not null
  AND fk.table_schema = 'protospace-in-dev_development'
  AND fk.table_name = 'prototypes'
[0m
  [1m[35m (0.2ms)[0m  SHOW CREATE TABLE `prototypes`
  [1m[36m (0.3ms)[0m  [1mSELECT fk.referenced_table_name as 'to_table'
      ,fk.referenced_column_name as 'primary_key'
      ,fk.column_name as 'column'
      ,fk.constraint_name as 'name'
FROM information_schema.key_column_usage fk
WHERE fk.referenced_column_name is not null
  AND fk.table_schema = 'protospace-in-dev_development'
  AND fk.table_name = 'users'
[0m
  [1m[35m (0.3ms)[0m  SHOW CREATE TABLE `users`


Started GET "/" for ::1 at 2018-05-22 09:16:56 +0900
  [1m[36mActiveRecord::SchemaMigration Load (2.9ms)[0m  [1mSELECT `schema_migrations`.* FROM `schema_migrations`[0m
Processing by PrototypesController#index as HTML
DEPRECATION WARNING: Extra .css in SCSS file is unnecessary. Rename /Users/programming/projects/PhotoSpace/app/assets/stylesheets/protospace.css.scss to /Users/programming/projects/PhotoSpace/app/assets/stylesheets/protospace.scss. (called from _app_views_prototypes_index_html_haml__1983691289880966179_70365445523220 at /Users/programming/projects/PhotoSpace/app/views/prototypes/index.html.haml:3)
  Rendered prototypes/index.html.haml within layouts/application (3830.4ms)
Completed 500 Internal Server Error in 3876ms (ActiveRecord: 0.0ms)

ActionView::Template::Error (Invalid CSS after "}": expected "}", was ""):
    1: .jumbotron
    2:   .container.text-center
    3:     = image_tag("header_logo.png", alt: "PROTO TYPE - SHARE THE PROTOTYPE", height: "73px")
    4: 
    5: .filter-nav
    6:   .container
  app/assets/stylesheets/protospace.css.scss:638
  app/assets/stylesheets/application.css.scss:3
  app/views/prototypes/index.html.haml:3:in `_app_views_prototypes_index_html_haml__1983691289880966179_70365445523220'


  Rendered /Users/programming/.rbenv/versions/2.3.1/lib/ruby/gems/2.3.0/gems/actionpack-4.2.5/lib/action_dispatch/middleware/templates/rescues/_source.erb (9.6ms)
  Rendered /Users/programming/.rbenv/versions/2.3.1/lib/ruby/gems/2.3.0/gems/actionpack-4.2.5/lib/action_dispatch/middleware/templates/rescues/_trace.html.erb (3.1ms)
  Rendered /Users/programming/.rbenv/versions/2.3.1/lib/ruby/gems/2.3.0/gems/actionpack-4.2.5/lib/action_dispatch/middleware/templates/rescues/_request_and_response.html.erb (1.1ms)
  Rendered /Users/programming/.rbenv/versions/2.3.1/lib/ruby/gems/2.3.0/gems/actionpack-4.2.5/lib/action_dispatch/middleware/templates/rescues/template_error.html.erb within rescues/layout (132.3ms)
  Rendered /Users/programming/.rbenv/versions/2.3.1/lib/ruby/gems/2.3.0/gems/web-console-2.3.0/lib/web_console/templates/_markup.html.erb (0.4ms)
  Rendered /Users/programming/.rbenv/versions/2.3.1/lib/ruby/gems/2.3.0/gems/web-console-2.3.0/lib/web_console/templates/_inner_console_markup.html.erb within layouts/inlined_string (0.4ms)
  Rendered /Users/programming/.rbenv/versions/2.3.1/lib/ruby/gems/2.3.0/gems/web-console-2.3.0/lib/web_console/templates/_prompt_box_markup.html.erb within layouts/inlined_string (0.4ms)
  Rendered /Users/programming/.rbenv/versions/2.3.1/lib/ruby/gems/2.3.0/gems/web-console-2.3.0/lib/web_console/templates/style.css.erb within layouts/inlined_string (0.5ms)
  Rendered /Users/programming/.rbenv/versions/2.3.1/lib/ruby/gems/2.3.0/gems/web-console-2.3.0/lib/web_console/templates/console.js.erb within layouts/javascript (125.2ms)
  Rendered /Users/programming/.rbenv/versions/2.3.1/lib/ruby/gems/2.3.0/gems/web-console-2.3.0/lib/web_console/templates/main.js.erb within layouts/javascript (0.3ms)
  Rendered /Users/programming/.rbenv/versions/2.3.1/lib/ruby/gems/2.3.0/gems/web-console-2.3.0/lib/web_console/templates/error_page.js.erb within layouts/javascript (0.8ms)
  Rendered /Users/programming/.rbenv/versions/2.3.1/lib/ruby/gems/2.3.0/gems/web-console-2.3.0/lib/web_console/templates/index.html.erb (284.8ms)


Started GET "/" for ::1 at 2018-05-22 09:18:20 +0900
Processing by PrototypesController#index as HTML
DEPRECATION WARNING: Extra .css in SCSS file is unnecessary. Rename /Users/programming/projects/PhotoSpace/app/assets/stylesheets/protospace.css.scss to /Users/programming/projects/PhotoSpace/app/assets/stylesheets/protospace.scss. (called from _app_views_prototypes_index_html_haml__1983691289880966179_70365445523220 at /Users/programming/projects/PhotoSpace/app/views/prototypes/index.html.haml:3)
DEPRECATION WARNING: Extra .css in SCSS file is unnecessary. Rename /Users/programming/projects/PhotoSpace/app/assets/stylesheets/protospace.css.scss to /Users/programming/projects/PhotoSpace/app/assets/stylesheets/protospace.scss. (called from _app_views_prototypes_index_html_haml__1983691289880966179_70365445523220 at /Users/programming/projects/PhotoSpace/app/views/prototypes/index.html.haml:3)
  [1m[35mPrototype Load (3.1ms)[0m  SELECT `prototypes`.* FROM `prototypes`
  Rendered prototypes/_prototype.html.haml (0.0ms)
  Rendered prototypes/index.html.haml within layouts/application (2416.0ms)
  Rendered shared/_header.html.haml (17.2ms)
  Rendered shared/_messages.html.haml (2.8ms)
  Rendered shared/_footer.html.haml (2.8ms)
Completed 200 OK in 2554ms (Views: 2548.6ms | ActiveRecord: 4.8ms)


Started GET "/assets/application.self-db294d1150162506012ff62813109827a84f33be3e5110b5c1030997a7dd1667.css?body=1" for ::1 at 2018-05-22 09:18:23 +0900


Started GET "/assets/turbolinks.self-1d1fddf91adc38ac2045c51f0a3e05ca97d07d24d15a4dcbf705009106489e69.js?body=1" for ::1 at 2018-05-22 09:18:23 +0900


Started GET "/assets/bootstrap.self-b38817c3e3a3049abb1fc08dd6ae448b23330f8453226efdb074710209474f75.js?body=1" for ::1 at 2018-05-22 09:18:23 +0900


Started GET "/assets/application.self-f8806224e027f3e3f0138ea9ce99319e298dfdb323304d1f1be6eae8e8c74724.js?body=1" for ::1 at 2018-05-22 09:18:23 +0900


Started GET "/assets/logo-b99f177af8fb82de2d6d7b86e95c7f329d3d143edd8b225bc2875ad9dd6e0cc3.png" for ::1 at 2018-05-22 09:18:23 +0900


Started GET "/assets/header_logo-8d6ed49cb878026108dcfff6307c69ed2159e006f3ca557869cbfa1cc655a672.png" for ::1 at 2018-05-22 09:18:23 +0900


Started GET "/assets/header_bg-7f8478d544f567fa0568c7851ea2a3d9b914a090658efc7770e6e1d85842b7ef.png" for ::1 at 2018-05-22 09:18:23 +0900


Started GET "/users/sign_in" for ::1 at 2018-05-22 09:18:53 +0900
Processing by Devise::SessionsController#new as HTML
  Rendered devise/sessions/new.html.haml within layouts/application (54.4ms)
  Rendered shared/_header.html.haml (2.4ms)
  Rendered shared/_messages.html.haml (0.1ms)
  Rendered shared/_footer.html.haml (0.1ms)
Completed 200 OK in 157ms (Views: 123.5ms | ActiveRecord: 11.1ms)


Started POST "/users/sign_in" for ::1 at 2018-05-22 09:19:00 +0900
Processing by Devise::SessionsController#create as HTML
  Parameters: {"utf8"=>"✓", "authenticity_token"=>"e31LhFTxZHST3J88IGxljOOdED6BSpc1tRAiGBNf+kxZfaJpQUuRRKSfKfVcXGXjaR+2p29dD3CDAQwOM3Znuw==", "user"=>{"email"=>"shinsuke.r.arai@gmail.com", "password"=>"[FILTERED]", "remember_me"=>"0"}}
  [1m[36mUser Load (4.8ms)[0m  [1mSELECT  `users`.* FROM `users` WHERE `users`.`email` = 'shinsuke.r.arai@gmail.com'  ORDER BY `users`.`id` ASC LIMIT 1[0m
Completed 401 Unauthorized in 22ms (ActiveRecord: 4.8ms)
Processing by Devise::SessionsController#new as HTML
  Parameters: {"utf8"=>"✓", "authenticity_token"=>"e31LhFTxZHST3J88IGxljOOdED6BSpc1tRAiGBNf+kxZfaJpQUuRRKSfKfVcXGXjaR+2p29dD3CDAQwOM3Znuw==", "user"=>{"email"=>"shinsuke.r.arai@gmail.com", "password"=>"[FILTERED]", "remember_me"=>"0"}}
  Rendered devise/sessions/new.html.haml within layouts/application (3.4ms)
  Rendered shared/_header.html.haml (1.1ms)
  Rendered shared/_messages.html.haml (0.1ms)
  Rendered shared/_footer.html.haml (0.1ms)
Completed 200 OK in 132ms (Views: 45.8ms | ActiveRecord: 0.0ms)


Started GET "/users/sign_up" for ::1 at 2018-05-22 09:19:03 +0900
Processing by Devise::RegistrationsController#new as HTML
  Rendered devise/registrations/new.html.haml within layouts/application (37.9ms)
  Rendered shared/_header.html.haml (1.0ms)
  Rendered shared/_messages.html.haml (0.2ms)
  Rendered shared/_footer.html.haml (0.1ms)
Completed 200 OK in 109ms (Views: 107.2ms | ActiveRecord: 0.0ms)


Started POST "/users" for ::1 at 2018-05-22 09:19:41 +0900
Processing by Devise::RegistrationsController#create as HTML
  Parameters: {"utf8"=>"✓", "authenticity_token"=>"LV2fCpHseL2TlLxjuPeRf1lIFA+ZSJ/xA5DvPZ/K7U0PXXbnhFaNjaTXCqrEx5EQ08qylndfB7Q1gcErv+Nwug==", "user"=>{"name"=>"Shin", "email"=>"shinsuke.r.arai@gmail.com", "password"=>"[FILTERED]", "password_confirmation"=>"[FILTERED]", "position"=>"Tokyo", "profile"=>"Shin", "occupation"=>"Neat"}, "commit"=>"SIGN UP"}
  [1m[35m (0.2ms)[0m  BEGIN
  [1m[36mUser Exists (6.3ms)[0m  [1mSELECT  1 AS one FROM `users` WHERE `users`.`email` = BINARY 'shinsuke.r.arai@gmail.com' LIMIT 1[0m
  [1m[35mSQL (2.9ms)[0m  INSERT INTO `users` (`email`, `encrypted_password`, `name`, `profile`, `position`, `occupation`, `created_at`, `updated_at`) VALUES ('shinsuke.r.arai@gmail.com', '$2a$10$Q7HUQEO3PW/NqMhWiDRgD.WvHlX2JX00H6X1k13jPcLMhI4DLhEFS', 'Shin', 'Shin', 'Tokyo', 'Neat', '2018-05-22 00:19:41', '2018-05-22 00:19:41')
  [1m[36m (2.7ms)[0m  [1mCOMMIT[0m
  [1m[35m (0.2ms)[0m  BEGIN
  [1m[36mSQL (5.4ms)[0m  [1mUPDATE `users` SET `last_sign_in_at` = '2018-05-22 00:19:41', `current_sign_in_at` = '2018-05-22 00:19:41', `last_sign_in_ip` = '::1', `current_sign_in_ip` = '::1', `sign_in_count` = 1, `updated_at` = '2018-05-22 00:19:41' WHERE `users`.`id` = 1[0m
  [1m[35m (1.3ms)[0m  COMMIT
Redirected to http://localhost:3000/
Completed 302 Found in 161ms (ActiveRecord: 18.9ms)


Started GET "/" for ::1 at 2018-05-22 09:19:42 +0900
Processing by PrototypesController#index as HTML
  [1m[36mPrototype Load (0.3ms)[0m  [1mSELECT `prototypes`.* FROM `prototypes`[0m
  Rendered prototypes/_prototype.html.haml (0.0ms)
  Rendered prototypes/index.html.haml within layouts/application (3.4ms)
  [1m[35mUser Load (1.6ms)[0m  SELECT  `users`.* FROM `users` WHERE `users`.`id` = 1  ORDER BY `users`.`id` ASC LIMIT 1
  Rendered shared/_header.html.haml (4.8ms)
  Rendered shared/_messages.html.haml (0.2ms)
  Rendered shared/_footer.html.haml (0.1ms)
Completed 200 OK in 49ms (Views: 46.2ms | ActiveRecord: 1.9ms)


Started GET "/prototypes/new" for ::1 at 2018-05-22 09:19:48 +0900
Processing by PrototypesController#new as HTML
  [1m[36mUser Load (0.3ms)[0m  [1mSELECT  `users`.* FROM `users` WHERE `users`.`id` = 1  ORDER BY `users`.`id` ASC LIMIT 1[0m
  Rendered prototypes/new.html.haml within layouts/application (19.0ms)
  Rendered shared/_header.html.haml (1.7ms)
  Rendered shared/_messages.html.haml (0.1ms)
  Rendered shared/_footer.html.haml (0.0ms)
Completed 200 OK in 132ms (Views: 72.1ms | ActiveRecord: 4.4ms)


Started GET "/assets/noimage-fd3ad275fb1eeb5833d37ea27786805eb20c588c67825da9e4ad6a22d43a86fe.png" for ::1 at 2018-05-22 09:19:48 +0900


Started GET "/assets/noimage-big-25c2ec470f6bb4ba4724d25436f786aa9d9cc3e080300063eec413fc8d8ff65e.png" for ::1 at 2018-05-22 09:19:48 +0900


Started POST "/prototypes" for ::1 at 2018-05-22 09:20:47 +0900
Processing by PrototypesController#create as HTML
  Parameters: {"utf8"=>"✓", "authenticity_token"=>"Vey/xDAp/OcLSR6E+rLYYo+IHTZQN2VjLpm/RYSerGt37FYpJZMJ1zwKqE2GgtgNBQq7r74g/SYYiJFTpLcxnA==", "prototype"=>{"user_id"=>"1", "title"=>"Test", "captured_images_attributes"=>{"0"=>{"content"=>#<ActionDispatch::Http::UploadedFile:0x007ffe7d05df10 @tempfile=#<Tempfile:/var/folders/cm/11k9mhk14nq_cc7f53_mstq40000gs/T/RackMultipart20180522-78523-n18exy.jpg>, @original_filename="51FlEWmpMvL.jpg", @content_type="image/jpeg", @headers="Content-Disposition: form-data; name=\"prototype[captured_images_attributes][0][content]\"; filename=\"51FlEWmpMvL.jpg\"\r\nContent-Type: image/jpeg\r\n">, "status"=>"main"}, "1"=>{"status"=>"sub"}, "2"=>{"status"=>"sub"}, "3"=>{"status"=>"sub"}}, "catch_copy"=>"Test", "concept"=>""}, "commit"=>"PUBLISH"}
  [1m[35m (0.2ms)[0m  BEGIN
  [1m[36m (0.2ms)[0m  [1mROLLBACK[0m
Redirected to 
Completed 500 Internal Server Error in 70ms (ActiveRecord: 0.3ms)

ActionController::UrlGenerationError (No route matches {:action=>"#<CapturedImage:0x007ffe7b11ef00>", :controller=>"prototypes"}):
  app/controllers/prototypes_controller.rb:18:in `create'


  Rendered /Users/programming/.rbenv/versions/2.3.1/lib/ruby/gems/2.3.0/gems/actionpack-4.2.5/lib/action_dispatch/middleware/templates/rescues/_source.erb (5.3ms)
  Rendered /Users/programming/.rbenv/versions/2.3.1/lib/ruby/gems/2.3.0/gems/actionpack-4.2.5/lib/action_dispatch/middleware/templates/rescues/_trace.html.erb (2.5ms)
  Rendered /Users/programming/.rbenv/versions/2.3.1/lib/ruby/gems/2.3.0/gems/actionpack-4.2.5/lib/action_dispatch/middleware/templates/rescues/_request_and_response.html.erb (1.2ms)
  Rendered /Users/programming/.rbenv/versions/2.3.1/lib/ruby/gems/2.3.0/gems/actionpack-4.2.5/lib/action_dispatch/middleware/templates/rescues/diagnostics.html.erb within rescues/layout (117.9ms)
  Rendered /Users/programming/.rbenv/versions/2.3.1/lib/ruby/gems/2.3.0/gems/web-console-2.3.0/lib/web_console/templates/_markup.html.erb (0.6ms)
  Rendered /Users/programming/.rbenv/versions/2.3.1/lib/ruby/gems/2.3.0/gems/web-console-2.3.0/lib/web_console/templates/_inner_console_markup.html.erb within layouts/inlined_string (0.7ms)
  Rendered /Users/programming/.rbenv/versions/2.3.1/lib/ruby/gems/2.3.0/gems/web-console-2.3.0/lib/web_console/templates/_prompt_box_markup.html.erb within layouts/inlined_string (0.5ms)
  Rendered /Users/programming/.rbenv/versions/2.3.1/lib/ruby/gems/2.3.0/gems/web-console-2.3.0/lib/web_console/templates/style.css.erb within layouts/inlined_string (0.7ms)
  Rendered /Users/programming/.rbenv/versions/2.3.1/lib/ruby/gems/2.3.0/gems/web-console-2.3.0/lib/web_console/templates/console.js.erb within layouts/javascript (114.8ms)
  Rendered /Users/programming/.rbenv/versions/2.3.1/lib/ruby/gems/2.3.0/gems/web-console-2.3.0/lib/web_console/templates/main.js.erb within layouts/javascript (0.3ms)
  Rendered /Users/programming/.rbenv/versions/2.3.1/lib/ruby/gems/2.3.0/gems/web-console-2.3.0/lib/web_console/templates/error_page.js.erb within layouts/javascript (0.5ms)
  Rendered /Users/programming/.rbenv/versions/2.3.1/lib/ruby/gems/2.3.0/gems/web-console-2.3.0/lib/web_console/templates/index.html.erb (250.2ms)


Started POST "/prototypes" for ::1 at 2018-05-22 09:21:39 +0900
Processing by PrototypesController#create as HTML
  Parameters: {"utf8"=>"✓", "authenticity_token"=>"Vey/xDAp/OcLSR6E+rLYYo+IHTZQN2VjLpm/RYSerGt37FYpJZMJ1zwKqE2GgtgNBQq7r74g/SYYiJFTpLcxnA==", "prototype"=>{"user_id"=>"1", "title"=>"Test", "captured_images_attributes"=>{"0"=>{"content"=>#<ActionDispatch::Http::UploadedFile:0x007ffe73b122f8 @tempfile=#<Tempfile:/var/folders/cm/11k9mhk14nq_cc7f53_mstq40000gs/T/RackMultipart20180522-78523-12r1w3w.jpg>, @original_filename="51FlEWmpMvL.jpg", @content_type="image/jpeg", @headers="Content-Disposition: form-data; name=\"prototype[captured_images_attributes][0][content]\"; filename=\"51FlEWmpMvL.jpg\"\r\nContent-Type: image/jpeg\r\n">, "status"=>"main"}, "1"=>{"status"=>"sub"}, "2"=>{"status"=>"sub"}, "3"=>{"status"=>"sub"}}, "catch_copy"=>"Test", "concept"=>""}, "commit"=>"PUBLISH"}
  [1m[35m (0.4ms)[0m  BEGIN
  [1m[36m (0.2ms)[0m  [1mROLLBACK[0m
Redirected to http://localhost:3000/prototypes/new?alert=YNew+prototype+was+unsuccessfully+created
Completed 302 Found in 65ms (ActiveRecord: 5.4ms)


Started GET "/prototypes/new?alert=YNew+prototype+was+unsuccessfully+created" for ::1 at 2018-05-22 09:21:39 +0900
Processing by PrototypesController#new as HTML
  Parameters: {"alert"=>"YNew prototype was unsuccessfully created"}
  [1m[35mUser Load (0.4ms)[0m  SELECT  `users`.* FROM `users` WHERE `users`.`id` = 1  ORDER BY `users`.`id` ASC LIMIT 1
  Rendered prototypes/new.html.haml within layouts/application (20.6ms)
  Rendered shared/_header.html.haml (3.1ms)
  Rendered shared/_messages.html.haml (0.2ms)
  Rendered shared/_footer.html.haml (0.1ms)
Completed 200 OK in 96ms (Views: 91.0ms | ActiveRecord: 3.2ms)


Started GET "/" for ::1 at 2018-05-22 09:21:56 +0900
Processing by PrototypesController#index as HTML
  [1m[36mPrototype Load (0.3ms)[0m  [1mSELECT `prototypes`.* FROM `prototypes`[0m
  Rendered prototypes/_prototype.html.haml (0.0ms)
  Rendered prototypes/index.html.haml within layouts/application (5.6ms)
  [1m[35mUser Load (0.6ms)[0m  SELECT  `users`.* FROM `users` WHERE `users`.`id` = 1  ORDER BY `users`.`id` ASC LIMIT 1
  Rendered shared/_header.html.haml (3.1ms)
  Rendered shared/_messages.html.haml (0.2ms)
  Rendered shared/_footer.html.haml (0.1ms)
Completed 200 OK in 59ms (Views: 57.2ms | ActiveRecord: 0.8ms)


Started GET "/prototypes/new" for ::1 at 2018-05-22 09:24:10 +0900
Processing by PrototypesController#new as HTML
  [1m[36mUser Load (0.3ms)[0m  [1mSELECT  `users`.* FROM `users` WHERE `users`.`id` = 1  ORDER BY `users`.`id` ASC LIMIT 1[0m
  Rendered prototypes/new.html.haml within layouts/application (20.8ms)
  Rendered shared/_header.html.haml (2.8ms)
  Rendered shared/_messages.html.haml (0.1ms)
  Rendered shared/_footer.html.haml (0.1ms)
Completed 200 OK in 118ms (Views: 80.7ms | ActiveRecord: 11.0ms)


Started POST "/prototypes" for ::1 at 2018-05-22 09:25:09 +0900
Processing by PrototypesController#create as HTML
  Parameters: {"utf8"=>"✓", "authenticity_token"=>"k/ONLqmU7DUrlPZy5Da8ahnTQ7l1w+LyjyMU1RINZvqx82TDvC4ZBRzXQLuYBrwFk1HlIJvUere5MjrDMiT7DQ==", "prototype"=>{"user_id"=>"1", "title"=>"Test", "captured_images_attributes"=>{"0"=>{"content"=>#<ActionDispatch::Http::UploadedFile:0x007ffe7d185a78 @tempfile=#<Tempfile:/var/folders/cm/11k9mhk14nq_cc7f53_mstq40000gs/T/RackMultipart20180522-78523-10selfo.jpg>, @original_filename="51FlEWmpMvL.jpg", @content_type="image/jpeg", @headers="Content-Disposition: form-data; name=\"prototype[captured_images_attributes][0][content]\"; filename=\"51FlEWmpMvL.jpg\"\r\nContent-Type: image/jpeg\r\n">, "status"=>"main"}, "1"=>{"status"=>"sub"}, "2"=>{"status"=>"sub"}, "3"=>{"status"=>"sub"}}, "catch_copy"=>"Test", "concept"=>"Test"}, "commit"=>"PUBLISH"}
  [1m[35m (0.3ms)[0m  BEGIN
  [1m[36mSQL (2.1ms)[0m  [1mINSERT INTO `prototypes` (`title`, `catch_copy`, `concept`, `user_id`, `created_at`, `updated_at`) VALUES ('Test', 'Test', 'Test', 1, '2018-05-22 00:25:09', '2018-05-22 00:25:09')[0m
  [1m[35mSQL (0.4ms)[0m  INSERT INTO `captured_images` (`content`, `status`, `prototype_id`) VALUES ('51FlEWmpMvL.jpg', 0, 1)
  [1m[36m (1.0ms)[0m  [1mCOMMIT[0m
Redirected to http://localhost:3000/
Completed 302 Found in 43ms (ActiveRecord: 3.8ms)


Started GET "/" for ::1 at 2018-05-22 09:25:09 +0900
Processing by PrototypesController#index as HTML
  [1m[35mPrototype Load (0.3ms)[0m  SELECT `prototypes`.* FROM `prototypes`
  [1m[36mCapturedImage Load (2.9ms)[0m  [1mSELECT  `captured_images`.* FROM `captured_images` WHERE `captured_images`.`prototype_id` = 1 AND `captured_images`.`status` = 0  ORDER BY `captured_images`.`id` ASC LIMIT 1[0m
  [1m[35mUser Load (0.3ms)[0m  SELECT  `users`.* FROM `users` WHERE `users`.`id` = 1 LIMIT 1
  Rendered prototypes/_prototype.html.haml (23.1ms)
  Rendered prototypes/index.html.haml within layouts/application (29.8ms)
  [1m[36mUser Load (0.4ms)[0m  [1mSELECT  `users`.* FROM `users` WHERE `users`.`id` = 1  ORDER BY `users`.`id` ASC LIMIT 1[0m
  Rendered shared/_header.html.haml (4.0ms)
  Rendered shared/_messages.html.haml (0.2ms)
  Rendered shared/_footer.html.haml (0.1ms)
Completed 200 OK in 89ms (Views: 84.4ms | ActiveRecord: 3.9ms)


Started GET "/prototypes/new" for ::1 at 2018-05-22 09:25:31 +0900
Processing by PrototypesController#new as HTML
  [1m[35mUser Load (0.4ms)[0m  SELECT  `users`.* FROM `users` WHERE `users`.`id` = 1  ORDER BY `users`.`id` ASC LIMIT 1
  Rendered prototypes/new.html.haml within layouts/application (9.8ms)
  Rendered shared/_header.html.haml (1.4ms)
  Rendered shared/_messages.html.haml (0.1ms)
  Rendered shared/_footer.html.haml (0.0ms)
Completed 200 OK in 59ms (Views: 56.0ms | ActiveRecord: 0.4ms)


Started POST "/prototypes" for ::1 at 2018-05-22 09:25:44 +0900
Processing by PrototypesController#create as HTML
  Parameters: {"utf8"=>"✓", "authenticity_token"=>"L7YHZhTpWrexgDaiOuL4fjReFFbVwOn702HaeOYHouINtu6LAVOvh4bDgGtG0vgRvtyyzzvXcb7lcPRuxi4/FQ==", "prototype"=>{"user_id"=>"1", "title"=>"Test", "captured_images_attributes"=>{"0"=>{"content"=>#<ActionDispatch::Http::UploadedFile:0x007ffe7b104ad8 @tempfile=#<Tempfile:/var/folders/cm/11k9mhk14nq_cc7f53_mstq40000gs/T/RackMultipart20180522-78523-zog1o2.jpg>, @original_filename="MI0000648477.jpg", @content_type="image/jpeg", @headers="Content-Disposition: form-data; name=\"prototype[captured_images_attributes][0][content]\"; filename=\"MI0000648477.jpg\"\r\nContent-Type: image/jpeg\r\n">, "status"=>"main"}, "1"=>{"status"=>"sub"}, "2"=>{"status"=>"sub"}, "3"=>{"status"=>"sub"}}, "catch_copy"=>"Test", "concept"=>"Test"}, "commit"=>"PUBLISH"}
  [1m[36m (0.2ms)[0m  [1mBEGIN[0m
  [1m[35mSQL (2.2ms)[0m  INSERT INTO `prototypes` (`title`, `catch_copy`, `concept`, `user_id`, `created_at`, `updated_at`) VALUES ('Test', 'Test', 'Test', 1, '2018-05-22 00:25:44', '2018-05-22 00:25:44')
  [1m[36mSQL (1.3ms)[0m  [1mINSERT INTO `captured_images` (`content`, `status`, `prototype_id`) VALUES ('MI0000648477.jpg', 0, 2)[0m
  [1m[35m (1.9ms)[0m  COMMIT
Redirected to http://localhost:3000/
Completed 302 Found in 45ms (ActiveRecord: 5.6ms)


Started GET "/" for ::1 at 2018-05-22 09:25:44 +0900
Processing by PrototypesController#index as HTML
  [1m[36mPrototype Load (0.3ms)[0m  [1mSELECT `prototypes`.* FROM `prototypes`[0m
  [1m[35mCapturedImage Load (0.5ms)[0m  SELECT  `captured_images`.* FROM `captured_images` WHERE `captured_images`.`prototype_id` = 1 AND `captured_images`.`status` = 0  ORDER BY `captured_images`.`id` ASC LIMIT 1
  [1m[36mUser Load (0.3ms)[0m  [1mSELECT  `users`.* FROM `users` WHERE `users`.`id` = 1 LIMIT 1[0m
  [1m[35mCapturedImage Load (0.8ms)[0m  SELECT  `captured_images`.* FROM `captured_images` WHERE `captured_images`.`prototype_id` = 2 AND `captured_images`.`status` = 0  ORDER BY `captured_images`.`id` ASC LIMIT 1
  [1m[36mCACHE (0.1ms)[0m  [1mSELECT  `users`.* FROM `users` WHERE `users`.`id` = 1 LIMIT 1[0m  [["id", 1]]
  Rendered prototypes/_prototype.html.haml (10.1ms)
  Rendered prototypes/index.html.haml within layouts/application (15.0ms)
  [1m[35mUser Load (0.3ms)[0m  SELECT  `users`.* FROM `users` WHERE `users`.`id` = 1  ORDER BY `users`.`id` ASC LIMIT 1
  Rendered shared/_header.html.haml (3.6ms)
  Rendered shared/_messages.html.haml (0.1ms)
  Rendered shared/_footer.html.haml (0.1ms)
Completed 200 OK in 67ms (Views: 63.6ms | ActiveRecord: 2.4ms)


Started GET "/users/1/edit" for ::1 at 2018-05-22 09:25:51 +0900
Processing by UsersController#edit as HTML
  Parameters: {"id"=>"1"}
  [1m[36mUser Load (0.3ms)[0m  [1mSELECT  `users`.* FROM `users` WHERE `users`.`id` = 1 LIMIT 1[0m
  Rendered users/edit.html.haml within layouts/application (14.2ms)
  [1m[35mUser Load (0.3ms)[0m  SELECT  `users`.* FROM `users` WHERE `users`.`id` = 1  ORDER BY `users`.`id` ASC LIMIT 1
  Rendered shared/_header.html.haml (2.3ms)
  Rendered shared/_messages.html.haml (0.1ms)
  Rendered shared/_footer.html.haml (0.1ms)
Completed 200 OK in 58ms (Views: 54.7ms | ActiveRecord: 0.7ms)


Started PATCH "/users/1" for ::1 at 2018-05-22 09:25:59 +0900
Processing by UsersController#update as HTML
  Parameters: {"utf8"=>"✓", "authenticity_token"=>"oCIx/0GmK/6fzgwvBjI6pSsOgzSLWHnRk/xgpXrpNGqCItgSVBzezqiNuuZ6AjrKoYwlrWVP4ZSl7U6zWsCpnQ==", "user"=>{"name"=>"Fucking Shin", "email"=>"shinsuke.r.arai@gmail.com", "position"=>"Tokyo", "profile"=>"Shin", "occupation"=>"Neat"}, "commit"=>"SAVE", "id"=>"1"}
  [1m[36mUser Load (1.1ms)[0m  [1mSELECT  `users`.* FROM `users` WHERE `users`.`id` = 1 LIMIT 1[0m
  [1m[35m (0.1ms)[0m  BEGIN
  [1m[36mSQL (0.4ms)[0m  [1mUPDATE `users` SET `name` = 'Fucking Shin', `updated_at` = '2018-05-22 00:25:59' WHERE `users`.`id` = 1[0m
  [1m[35m (1.2ms)[0m  COMMIT
Redirected to http://localhost:3000/
Completed 302 Found in 8ms (ActiveRecord: 2.8ms)


Started GET "/" for ::1 at 2018-05-22 09:25:59 +0900
Processing by PrototypesController#index as HTML
  [1m[36mPrototype Load (0.3ms)[0m  [1mSELECT `prototypes`.* FROM `prototypes`[0m
  [1m[35mCapturedImage Load (0.4ms)[0m  SELECT  `captured_images`.* FROM `captured_images` WHERE `captured_images`.`prototype_id` = 1 AND `captured_images`.`status` = 0  ORDER BY `captured_images`.`id` ASC LIMIT 1
  [1m[36mUser Load (0.4ms)[0m  [1mSELECT  `users`.* FROM `users` WHERE `users`.`id` = 1 LIMIT 1[0m
  [1m[35mCapturedImage Load (0.3ms)[0m  SELECT  `captured_images`.* FROM `captured_images` WHERE `captured_images`.`prototype_id` = 2 AND `captured_images`.`status` = 0  ORDER BY `captured_images`.`id` ASC LIMIT 1
  [1m[36mCACHE (0.0ms)[0m  [1mSELECT  `users`.* FROM `users` WHERE `users`.`id` = 1 LIMIT 1[0m  [["id", 1]]
  Rendered prototypes/_prototype.html.haml (8.0ms)
  Rendered prototypes/index.html.haml within layouts/application (12.1ms)
  [1m[35mUser Load (0.6ms)[0m  SELECT  `users`.* FROM `users` WHERE `users`.`id` = 1  ORDER BY `users`.`id` ASC LIMIT 1
  Rendered shared/_header.html.haml (5.0ms)
  Rendered shared/_messages.html.haml (0.2ms)
  Rendered shared/_footer.html.haml (0.1ms)
Completed 200 OK in 62ms (Views: 59.4ms | ActiveRecord: 2.0ms)


Started GET "/" for ::1 at 2018-05-22 09:29:37 +0900
Processing by PrototypesController#index as HTML
  [1m[36mPrototype Load (1.3ms)[0m  [1mSELECT `prototypes`.* FROM `prototypes`[0m
  [1m[35mCapturedImage Load (1.1ms)[0m  SELECT  `captured_images`.* FROM `captured_images` WHERE `captured_images`.`prototype_id` = 1 AND `captured_images`.`status` = 0  ORDER BY `captured_images`.`id` ASC LIMIT 1
  [1m[36mUser Load (0.7ms)[0m  [1mSELECT  `users`.* FROM `users` WHERE `users`.`id` = 1 LIMIT 1[0m
  [1m[35mCapturedImage Load (0.7ms)[0m  SELECT  `captured_images`.* FROM `captured_images` WHERE `captured_images`.`prototype_id` = 2 AND `captured_images`.`status` = 0  ORDER BY `captured_images`.`id` ASC LIMIT 1
  [1m[36mCACHE (0.0ms)[0m  [1mSELECT  `users`.* FROM `users` WHERE `users`.`id` = 1 LIMIT 1[0m  [["id", 1]]
  Rendered prototypes/_prototype.html.haml (25.1ms)
  Rendered prototypes/index.html.haml within layouts/application (47.5ms)
  [1m[35mUser Load (0.5ms)[0m  SELECT  `users`.* FROM `users` WHERE `users`.`id` = 1  ORDER BY `users`.`id` ASC LIMIT 1
  Rendered shared/_header.html.haml (6.1ms)
  Rendered shared/_messages.html.haml (0.4ms)
  Rendered shared/_footer.html.haml (0.4ms)
Completed 200 OK in 122ms (Views: 109.8ms | ActiveRecord: 4.4ms)


Started GET "/" for ::1 at 2018-05-22 09:30:26 +0900
Processing by PrototypesController#index as HTML
  [1m[36mPrototype Load (0.3ms)[0m  [1mSELECT `prototypes`.* FROM `prototypes`[0m
  [1m[35mCapturedImage Load (0.7ms)[0m  SELECT  `captured_images`.* FROM `captured_images` WHERE `captured_images`.`prototype_id` = 1 AND `captured_images`.`status` = 0  ORDER BY `captured_images`.`id` ASC LIMIT 1
  [1m[36mUser Load (0.3ms)[0m  [1mSELECT  `users`.* FROM `users` WHERE `users`.`id` = 1 LIMIT 1[0m
  [1m[35mCapturedImage Load (0.5ms)[0m  SELECT  `captured_images`.* FROM `captured_images` WHERE `captured_images`.`prototype_id` = 2 AND `captured_images`.`status` = 0  ORDER BY `captured_images`.`id` ASC LIMIT 1
  [1m[36mCACHE (0.0ms)[0m  [1mSELECT  `users`.* FROM `users` WHERE `users`.`id` = 1 LIMIT 1[0m  [["id", 1]]
  Rendered prototypes/_prototype.html.haml (8.1ms)
  Rendered prototypes/index.html.haml within layouts/application (14.9ms)
  [1m[35mUser Load (0.4ms)[0m  SELECT  `users`.* FROM `users` WHERE `users`.`id` = 1  ORDER BY `users`.`id` ASC LIMIT 1
  Rendered shared/_header.html.haml (4.3ms)
  Rendered shared/_messages.html.haml (0.2ms)
  Rendered shared/_footer.html.haml (0.1ms)
Completed 200 OK in 80ms (Views: 76.9ms | ActiveRecord: 2.2ms)


Started GET "/" for ::1 at 2018-05-22 09:30:28 +0900
Processing by PrototypesController#index as HTML
  [1m[36mPrototype Load (0.3ms)[0m  [1mSELECT `prototypes`.* FROM `prototypes`[0m
  [1m[35mCapturedImage Load (1.1ms)[0m  SELECT  `captured_images`.* FROM `captured_images` WHERE `captured_images`.`prototype_id` = 1 AND `captured_images`.`status` = 0  ORDER BY `captured_images`.`id` ASC LIMIT 1
  [1m[36mUser Load (0.5ms)[0m  [1mSELECT  `users`.* FROM `users` WHERE `users`.`id` = 1 LIMIT 1[0m
  [1m[35mCapturedImage Load (0.4ms)[0m  SELECT  `captured_images`.* FROM `captured_images` WHERE `captured_images`.`prototype_id` = 2 AND `captured_images`.`status` = 0  ORDER BY `captured_images`.`id` ASC LIMIT 1
  [1m[36mCACHE (0.0ms)[0m  [1mSELECT  `users`.* FROM `users` WHERE `users`.`id` = 1 LIMIT 1[0m  [["id", 1]]
  Rendered prototypes/_prototype.html.haml (12.1ms)
  Rendered prototypes/index.html.haml within layouts/application (19.4ms)
  [1m[35mUser Load (0.3ms)[0m  SELECT  `users`.* FROM `users` WHERE `users`.`id` = 1  ORDER BY `users`.`id` ASC LIMIT 1
  Rendered shared/_header.html.haml (2.8ms)
  Rendered shared/_messages.html.haml (0.1ms)
  Rendered shared/_footer.html.haml (0.0ms)
Completed 200 OK in 75ms (Views: 71.3ms | ActiveRecord: 2.7ms)


Started GET "/prototypes/1" for ::1 at 2018-05-22 09:30:41 +0900
Processing by PrototypesController#show as HTML
  Parameters: {"id"=>"1"}
  [1m[36mPrototype Load (0.5ms)[0m  [1mSELECT  `prototypes`.* FROM `prototypes` WHERE `prototypes`.`id` = 1 LIMIT 1[0m
  [1m[35mUser Load (0.3ms)[0m  SELECT  `users`.* FROM `users` WHERE `users`.`id` = 1 LIMIT 1
  [1m[36mCapturedImage Load (0.4ms)[0m  [1mSELECT  `captured_images`.* FROM `captured_images` WHERE `captured_images`.`prototype_id` = 1 AND `captured_images`.`status` = 0  ORDER BY `captured_images`.`id` ASC LIMIT 1[0m
  [1m[35mCapturedImage Load (0.4ms)[0m  SELECT `captured_images`.* FROM `captured_images` WHERE `captured_images`.`prototype_id` = 1 AND `captured_images`.`status` = 1
  Rendered prototypes/show.html.haml within layouts/application (29.5ms)
  [1m[36mUser Load (0.3ms)[0m  [1mSELECT  `users`.* FROM `users` WHERE `users`.`id` = 1  ORDER BY `users`.`id` ASC LIMIT 1[0m
  Rendered shared/_header.html.haml (2.9ms)
  Rendered shared/_messages.html.haml (0.1ms)
  Rendered shared/_footer.html.haml (0.1ms)
Completed 200 OK in 91ms (Views: 85.6ms | ActiveRecord: 1.9ms)


Started GET "/uploads/noimage.png" for ::1 at 2018-05-22 09:30:41 +0900

ActionController::RoutingError (No route matches [GET] "/uploads/noimage.png"):
  actionpack (4.2.5) lib/action_dispatch/middleware/debug_exceptions.rb:21:in `call'
  web-console (2.3.0) lib/web_console/middleware.rb:28:in `block in call'
  web-console (2.3.0) lib/web_console/middleware.rb:18:in `catch'
  web-console (2.3.0) lib/web_console/middleware.rb:18:in `call'
  actionpack (4.2.5) lib/action_dispatch/middleware/show_exceptions.rb:30:in `call'
  railties (4.2.5) lib/rails/rack/logger.rb:38:in `call_app'
  railties (4.2.5) lib/rails/rack/logger.rb:20:in `block in call'
  activesupport (4.2.5) lib/active_support/tagged_logging.rb:68:in `block in tagged'
  activesupport (4.2.5) lib/active_support/tagged_logging.rb:26:in `tagged'
  activesupport (4.2.5) lib/active_support/tagged_logging.rb:68:in `tagged'
  railties (4.2.5) lib/rails/rack/logger.rb:20:in `call'
  actionpack (4.2.5) lib/action_dispatch/middleware/request_id.rb:21:in `call'
  rack (1.6.8) lib/rack/methodoverride.rb:22:in `call'
  rack (1.6.8) lib/rack/runtime.rb:18:in `call'
  activesupport (4.2.5) lib/active_support/cache/strategy/local_cache_middleware.rb:28:in `call'
  rack (1.6.8) lib/rack/lock.rb:17:in `call'
  actionpack (4.2.5) lib/action_dispatch/middleware/static.rb:116:in `call'
  rack (1.6.8) lib/rack/sendfile.rb:113:in `call'
  railties (4.2.5) lib/rails/engine.rb:518:in `call'
  railties (4.2.5) lib/rails/application.rb:165:in `call'
  rack (1.6.8) lib/rack/lock.rb:17:in `call'
  rack (1.6.8) lib/rack/content_length.rb:15:in `call'
  rack (1.6.8) lib/rack/handler/webrick.rb:88:in `service'
  /Users/programming/.rbenv/versions/2.3.1/lib/ruby/2.3.0/webrick/httpserver.rb:140:in `service'
  /Users/programming/.rbenv/versions/2.3.1/lib/ruby/2.3.0/webrick/httpserver.rb:96:in `run'
  /Users/programming/.rbenv/versions/2.3.1/lib/ruby/2.3.0/webrick/server.rb:296:in `block in start_thread'


  Rendered /Users/programming/.rbenv/versions/2.3.1/lib/ruby/gems/2.3.0/gems/actionpack-4.2.5/lib/action_dispatch/middleware/templates/rescues/_trace.html.erb (2.6ms)
  Rendered /Users/programming/.rbenv/versions/2.3.1/lib/ruby/gems/2.3.0/gems/actionpack-4.2.5/lib/action_dispatch/middleware/templates/routes/_route.html.erb (2.1ms)
  Rendered /Users/programming/.rbenv/versions/2.3.1/lib/ruby/gems/2.3.0/gems/actionpack-4.2.5/lib/action_dispatch/middleware/templates/routes/_table.html.erb (8.4ms)
  Rendered /Users/programming/.rbenv/versions/2.3.1/lib/ruby/gems/2.3.0/gems/actionpack-4.2.5/lib/action_dispatch/middleware/templates/rescues/_request_and_response.html.erb (1.9ms)
  Rendered /Users/programming/.rbenv/versions/2.3.1/lib/ruby/gems/2.3.0/gems/actionpack-4.2.5/lib/action_dispatch/middleware/templates/rescues/routing_error.html.erb within rescues/layout (175.5ms)
  Rendered /Users/programming/.rbenv/versions/2.3.1/lib/ruby/gems/2.3.0/gems/web-console-2.3.0/lib/web_console/templates/_markup.html.erb (0.7ms)
  Rendered /Users/programming/.rbenv/versions/2.3.1/lib/ruby/gems/2.3.0/gems/web-console-2.3.0/lib/web_console/templates/_inner_console_markup.html.erb within layouts/inlined_string (0.6ms)
  Rendered /Users/programming/.rbenv/versions/2.3.1/lib/ruby/gems/2.3.0/gems/web-console-2.3.0/lib/web_console/templates/_prompt_box_markup.html.erb within layouts/inlined_string (0.6ms)
  Rendered /Users/programming/.rbenv/versions/2.3.1/lib/ruby/gems/2.3.0/gems/web-console-2.3.0/lib/web_console/templates/style.css.erb within layouts/inlined_string (0.4ms)
  Rendered /Users/programming/.rbenv/versions/2.3.1/lib/ruby/gems/2.3.0/gems/web-console-2.3.0/lib/web_console/templates/console.js.erb within layouts/javascript (118.3ms)
  Rendered /Users/programming/.rbenv/versions/2.3.1/lib/ruby/gems/2.3.0/gems/web-console-2.3.0/lib/web_console/templates/main.js.erb within layouts/javascript (0.4ms)
  Rendered /Users/programming/.rbenv/versions/2.3.1/lib/ruby/gems/2.3.0/gems/web-console-2.3.0/lib/web_console/templates/error_page.js.erb within layouts/javascript (0.5ms)
  Rendered /Users/programming/.rbenv/versions/2.3.1/lib/ruby/gems/2.3.0/gems/web-console-2.3.0/lib/web_console/templates/index.html.erb (264.4ms)


Started GET "/uploads/noimage.png" for ::1 at 2018-05-22 09:30:49 +0900

ActionController::RoutingError (No route matches [GET] "/uploads/noimage.png"):
  actionpack (4.2.5) lib/action_dispatch/middleware/debug_exceptions.rb:21:in `call'
  web-console (2.3.0) lib/web_console/middleware.rb:28:in `block in call'
  web-console (2.3.0) lib/web_console/middleware.rb:18:in `catch'
  web-console (2.3.0) lib/web_console/middleware.rb:18:in `call'
  actionpack (4.2.5) lib/action_dispatch/middleware/show_exceptions.rb:30:in `call'
  railties (4.2.5) lib/rails/rack/logger.rb:38:in `call_app'
  railties (4.2.5) lib/rails/rack/logger.rb:20:in `block in call'
  activesupport (4.2.5) lib/active_support/tagged_logging.rb:68:in `block in tagged'
  activesupport (4.2.5) lib/active_support/tagged_logging.rb:26:in `tagged'
  activesupport (4.2.5) lib/active_support/tagged_logging.rb:68:in `tagged'
  railties (4.2.5) lib/rails/rack/logger.rb:20:in `call'
  actionpack (4.2.5) lib/action_dispatch/middleware/request_id.rb:21:in `call'
  rack (1.6.8) lib/rack/methodoverride.rb:22:in `call'
  rack (1.6.8) lib/rack/runtime.rb:18:in `call'
  activesupport (4.2.5) lib/active_support/cache/strategy/local_cache_middleware.rb:28:in `call'
  rack (1.6.8) lib/rack/lock.rb:17:in `call'
  actionpack (4.2.5) lib/action_dispatch/middleware/static.rb:116:in `call'
  rack (1.6.8) lib/rack/sendfile.rb:113:in `call'
  railties (4.2.5) lib/rails/engine.rb:518:in `call'
  railties (4.2.5) lib/rails/application.rb:165:in `call'
  rack (1.6.8) lib/rack/lock.rb:17:in `call'
  rack (1.6.8) lib/rack/content_length.rb:15:in `call'
  rack (1.6.8) lib/rack/handler/webrick.rb:88:in `service'
  /Users/programming/.rbenv/versions/2.3.1/lib/ruby/2.3.0/webrick/httpserver.rb:140:in `service'
  /Users/programming/.rbenv/versions/2.3.1/lib/ruby/2.3.0/webrick/httpserver.rb:96:in `run'
  /Users/programming/.rbenv/versions/2.3.1/lib/ruby/2.3.0/webrick/server.rb:296:in `block in start_thread'


  Rendered /Users/programming/.rbenv/versions/2.3.1/lib/ruby/gems/2.3.0/gems/actionpack-4.2.5/lib/action_dispatch/middleware/templates/rescues/_trace.html.erb (1.6ms)
  Rendered /Users/programming/.rbenv/versions/2.3.1/lib/ruby/gems/2.3.0/gems/actionpack-4.2.5/lib/action_dispatch/middleware/templates/routes/_route.html.erb (1.5ms)
  Rendered /Users/programming/.rbenv/versions/2.3.1/lib/ruby/gems/2.3.0/gems/actionpack-4.2.5/lib/action_dispatch/middleware/templates/routes/_table.html.erb (1.7ms)
  Rendered /Users/programming/.rbenv/versions/2.3.1/lib/ruby/gems/2.3.0/gems/actionpack-4.2.5/lib/action_dispatch/middleware/templates/rescues/_request_and_response.html.erb (2.1ms)
  Rendered /Users/programming/.rbenv/versions/2.3.1/lib/ruby/gems/2.3.0/gems/actionpack-4.2.5/lib/action_dispatch/middleware/templates/rescues/routing_error.html.erb within rescues/layout (151.9ms)
  Rendered /Users/programming/.rbenv/versions/2.3.1/lib/ruby/gems/2.3.0/gems/web-console-2.3.0/lib/web_console/templates/_markup.html.erb (0.6ms)
  Rendered /Users/programming/.rbenv/versions/2.3.1/lib/ruby/gems/2.3.0/gems/web-console-2.3.0/lib/web_console/templates/_inner_console_markup.html.erb within layouts/inlined_string (0.7ms)
  Rendered /Users/programming/.rbenv/versions/2.3.1/lib/ruby/gems/2.3.0/gems/web-console-2.3.0/lib/web_console/templates/_prompt_box_markup.html.erb within layouts/inlined_string (0.3ms)
  Rendered /Users/programming/.rbenv/versions/2.3.1/lib/ruby/gems/2.3.0/gems/web-console-2.3.0/lib/web_console/templates/style.css.erb within layouts/inlined_string (1.3ms)
  Rendered /Users/programming/.rbenv/versions/2.3.1/lib/ruby/gems/2.3.0/gems/web-console-2.3.0/lib/web_console/templates/console.js.erb within layouts/javascript (121.7ms)
  Rendered /Users/programming/.rbenv/versions/2.3.1/lib/ruby/gems/2.3.0/gems/web-console-2.3.0/lib/web_console/templates/main.js.erb within layouts/javascript (0.3ms)
  Rendered /Users/programming/.rbenv/versions/2.3.1/lib/ruby/gems/2.3.0/gems/web-console-2.3.0/lib/web_console/templates/error_page.js.erb within layouts/javascript (1.2ms)
  Rendered /Users/programming/.rbenv/versions/2.3.1/lib/ruby/gems/2.3.0/gems/web-console-2.3.0/lib/web_console/templates/index.html.erb (271.2ms)
